<?xml version="1.0" encoding="UTF-8"?>
<!-- Generated by org.testng.reporters.JUnitReportReporter -->
<testsuite skipped="0" hostname="FEI1026227" name="kristesting.RESTAPITest" tests="2" failures="0" timestamp="05 Jun 2019 18:50:13 GMT" time="0.000" errors="0">
  <testcase name="deleteTwitter" time="0.000" classname="kristesting.RESTAPITest"/>
  <testcase name="postJira" time="0.000" classname="kristesting.RESTAPITest"/>
</testsuite> <!-- kristesting.RESTAPITest -->
