<?xml version="1.0" encoding="UTF-8"?>
<!-- Generated by org.testng.reporters.JUnitReportReporter -->
<testsuite skipped="0" hostname="FEI1026227" name="kristesting.SeleniumTest" tests="2" failures="0" timestamp="05 Jun 2019 18:50:13 GMT" time="0.001" errors="0">
  <testcase name="elementsUI" time="0.001" classname="kristesting.SeleniumTest"/>
  <testcase name="BrowserAutomation" time="0.000" classname="kristesting.SeleniumTest"/>
</testsuite> <!-- kristesting.SeleniumTest -->
