<?xml version="1.0" encoding="UTF-8"?>
<!-- Generated by org.testng.reporters.JUnitReportReporter -->
<testsuite skipped="0" hostname="FEI1026227" name="kristesting.AppiumTest" tests="2" failures="0" timestamp="05 Jun 2019 18:50:13 GMT" time="0.007" errors="0">
  <testcase name="IOSApps" time="0.006" classname="kristesting.AppiumTest"/>
  <testcase name="nativeAppAndroid" time="0.001" classname="kristesting.AppiumTest"/>
</testsuite> <!-- kristesting.AppiumTest -->
